
heart_beat_kill_pid = 41429
heart_beat_timeout = 11
heart: Mon Jul 20 11:23:35 2015: Erlang has closed.
/usr/local/Cellar/couchdb/1.6.1_1/bin/couchdb: line 343: echo: write error: Broken pipe
heart: Mon Jul 20 11:23:35 2015: Executed "/usr/local/Cellar/couchdb/1.6.1_1/bin/couchdb -k" -> 256. Terminating.

heart_beat_kill_pid = 41504
heart_beat_timeout = 11
heart: Mon Jul 20 11:24:09 2015: Erlang has closed.
/usr/local/Cellar/couchdb/1.6.1_1/bin/couchdb: line 343: echo: write error: Broken pipe
heart: Mon Jul 20 11:24:09 2015: Executed "/usr/local/Cellar/couchdb/1.6.1_1/bin/couchdb -k" -> 256. Terminating.

heart_beat_kill_pid = 42046
heart_beat_timeout = 11
heart: Mon Jul 20 12:45:55 2015: heart-beat time-out, no activity for 1072 seconds
/usr/local/Cellar/couchdb/1.6.1_1/bin/couchdb: line 343: echo: write error: Broken pipe
heart: Mon Jul 20 12:45:56 2015: Executed "/usr/local/Cellar/couchdb/1.6.1_1/bin/couchdb -k" -> 256. Terminating.

heart_beat_kill_pid = 51719
heart_beat_timeout = 11
heart: Wed Jul 22 18:36:23 2015: heart-beat time-out, no activity for 1156 seconds
/usr/local/Cellar/couchdb/1.6.1_1/bin/couchdb: line 343: echo: write error: Broken pipe
heart: Wed Jul 22 18:36:24 2015: Executed "/usr/local/Cellar/couchdb/1.6.1_1/bin/couchdb -k" -> 256. Terminating.
